-------------------------------------------------------------------------------
Test set: org.exoplatform.bookstore.storage.BookStorageTest
-------------------------------------------------------------------------------
Tests run: 9, Failures: 6, Errors: 0, Skipped: 0, Time elapsed: 1.853 sec <<< FAILURE!
testFindById(org.exoplatform.bookstore.storage.BookStorageTest)  Time elapsed: 0.139 sec  <<< FAILURE!
junit.framework.AssertionFailedError
	at junit.framework.Assert.fail(Assert.java:47)
	at junit.framework.Assert.assertTrue(Assert.java:20)
	at junit.framework.Assert.assertNotNull(Assert.java:220)
	at junit.framework.Assert.assertNotNull(Assert.java:213)
	at org.exoplatform.bookstore.storage.BookStorageTest.testFindById(BookStorageTest.java:232)

testUpdateBook(org.exoplatform.bookstore.storage.BookStorageTest)  Time elapsed: 0.161 sec  <<< FAILURE!
junit.framework.AssertionFailedError
	at junit.framework.Assert.fail(Assert.java:47)
	at junit.framework.Assert.assertTrue(Assert.java:20)
	at junit.framework.Assert.assertNotNull(Assert.java:220)
	at junit.framework.Assert.assertNotNull(Assert.java:213)
	at org.exoplatform.bookstore.storage.BookStorageTest.testUpdateBook(BookStorageTest.java:175)

testFindByIsbn(org.exoplatform.bookstore.storage.BookStorageTest)  Time elapsed: 0.113 sec  <<< FAILURE!
junit.framework.AssertionFailedError
	at junit.framework.Assert.fail(Assert.java:47)
	at junit.framework.Assert.assertTrue(Assert.java:20)
	at junit.framework.Assert.assertNotNull(Assert.java:220)
	at junit.framework.Assert.assertNotNull(Assert.java:213)
	at org.exoplatform.bookstore.storage.BookStorageTest.testFindByIsbn(BookStorageTest.java:250)

testFindByTitle(org.exoplatform.bookstore.storage.BookStorageTest)  Time elapsed: 0.44 sec  <<< FAILURE!
junit.framework.AssertionFailedError: expected:<2> but was:<0>
	at junit.framework.Assert.fail(Assert.java:47)
	at junit.framework.Assert.failNotEquals(Assert.java:282)
	at junit.framework.Assert.assertEquals(Assert.java:64)
	at junit.framework.Assert.assertEquals(Assert.java:201)
	at junit.framework.Assert.assertEquals(Assert.java:207)
	at org.exoplatform.bookstore.storage.BookStorageTest.testFindByTitle(BookStorageTest.java:130)

testFindAll(org.exoplatform.bookstore.storage.BookStorageTest)  Time elapsed: 0.225 sec  <<< FAILURE!
junit.framework.AssertionFailedError: expected:<2> but was:<0>
	at junit.framework.Assert.fail(Assert.java:47)
	at junit.framework.Assert.failNotEquals(Assert.java:282)
	at junit.framework.Assert.assertEquals(Assert.java:64)
	at junit.framework.Assert.assertEquals(Assert.java:201)
	at junit.framework.Assert.assertEquals(Assert.java:207)
	at org.exoplatform.bookstore.storage.BookStorageTest.testFindAll(BookStorageTest.java:101)

testDeleteAll(org.exoplatform.bookstore.storage.BookStorageTest)  Time elapsed: 0.173 sec  <<< FAILURE!
junit.framework.AssertionFailedError: expected:<2> but was:<0>
	at junit.framework.Assert.fail(Assert.java:47)
	at junit.framework.Assert.failNotEquals(Assert.java:282)
	at junit.framework.Assert.assertEquals(Assert.java:64)
	at junit.framework.Assert.assertEquals(Assert.java:201)
	at junit.framework.Assert.assertEquals(Assert.java:207)
	at org.exoplatform.bookstore.storage.BookStorageTest.testDeleteAll(BookStorageTest.java:214)

