<?xml version="1.0" encoding="UTF-8" ?>
<testsuite failures="0" time="2.064" errors="0" skipped="0" tests="9" name="org.exoplatform.bookstore.storage.BookStorageTest">
  <properties>
[...]
</properties>
  <testcase time="0.119" classname="org.exoplatform.bookstore.storage.BookStorageTest" name="testFindById"/>
  <testcase time="0.228" classname="org.exoplatform.bookstore.storage.BookStorageTest" name="testUpdateBook"/>
  <testcase time="0.173" classname="org.exoplatform.bookstore.storage.BookStorageTest" name="testFindByIsbn"/>
  <testcase time="0.264" classname="org.exoplatform.bookstore.storage.BookStorageTest" name="testFindByTitle"/>
  <testcase time="0.118" classname="org.exoplatform.bookstore.storage.BookStorageTest" name="testBookStorage"/>
  <testcase time="0.288" classname="org.exoplatform.bookstore.storage.BookStorageTest" name="testFindAll"/>
  <testcase time="0.351" classname="org.exoplatform.bookstore.storage.BookStorageTest" name="testIsExist"/>
  <testcase time="0.232" classname="org.exoplatform.bookstore.storage.BookStorageTest" name="testDeleteBook"/>
  <testcase time="0.289" classname="org.exoplatform.bookstore.storage.BookStorageTest" name="testDeleteAll"/>
</testsuite>